<?xml version="1.0" encoding="UTF-8"?>
<!-- Generated by org.testng.reporters.JUnitXMLReporter -->
<testsuite ignored="0" hostname="DESKTOP-HU32N3R" failures="0" tests="2" name="Validating coutry title cucumber" time="27.654" errors="0" timestamp="2021-11-06T19:46:16 IST">
  <testcase classname="io.cucumber.testng.AbstractTestNGCucumberTests" name="runScenario" time="13.79"/>
  <testcase classname="io.cucumber.testng.AbstractTestNGCucumberTests" name="runScenario" time="13.828"/>
</testsuite> <!-- Validating coutry title cucumber -->
