<?xml version="1.0" encoding="UTF-8"?>
<testng-results skipped="0" failed="0" ignored="0" total="3" passed="3">
  <reporter-output>
  </reporter-output>
  <suite name="Command line suite" duration-ms="50056" started-at="2021-11-06T19:34:24 IST" finished-at="2021-11-06T19:35:14 IST">
    <groups>
      <group name="cucumber">
        <method signature="AbstractTestNGCucumberTests.runScenario(io.cucumber.testng.PickleWrapper,io.cucumber.testng.FeatureWrapper)[pri:0, instance:com.mindtree.Runner.TestRunner2@57855c9a]" name="runScenario" class="io.cucumber.testng.AbstractTestNGCucumberTests"/>
        <method signature="AbstractTestNGCucumberTests.runScenario(io.cucumber.testng.PickleWrapper,io.cucumber.testng.FeatureWrapper)[pri:0, instance:com.mindtree.Runner.TestRunner@49fc609f]" name="runScenario" class="io.cucumber.testng.AbstractTestNGCucumberTests"/>
      </group> <!-- cucumber -->
    </groups>
    <test name="Command line test" duration-ms="50056" started-at="2021-11-06T19:34:24 IST" finished-at="2021-11-06T19:35:14 IST">
      <class name="com.mindtree.Runner.TestRunner">
        <test-method status="PASS" signature="setUpClass(org.testng.ITestContext)[pri:0, instance:com.mindtree.Runner.TestRunner@49fc609f]" name="setUpClass" is-config="true" duration-ms="681" started-at="2021-11-06T19:34:24 IST" finished-at="2021-11-06T19:34:25 IST">
          <params>
            <param index="0">
              <value>
                <![CDATA[org.testng.TestRunner@41c89d2f]]>
              </value>
            </param>
          </params>
          <reporter-output>
          </reporter-output>
        </test-method> <!-- setUpClass -->
        <test-method status="PASS" signature="runScenario(io.cucumber.testng.PickleWrapper,io.cucumber.testng.FeatureWrapper)[pri:0, instance:com.mindtree.Runner.TestRunner@49fc609f]" name="runScenario" duration-ms="19371" started-at="2021-11-06T19:34:25 IST" description="Runs Cucumber Scenarios" data-provider="scenarios" finished-at="2021-11-06T19:34:44 IST">
          <params>
            <param index="0">
              <value>
                <![CDATA["Home Page Search"]]>
              </value>
            </param>
            <param index="1">
              <value>
                <![CDATA["Optional[Search in wikipedia]"]]>
              </value>
            </param>
          </params>
          <reporter-output>
          </reporter-output>
        </test-method> <!-- runScenario -->
        <test-method status="PASS" signature="tearDownClass()[pri:0, instance:com.mindtree.Runner.TestRunner@49fc609f]" name="tearDownClass" is-config="true" duration-ms="173" started-at="2021-11-06T19:34:44 IST" finished-at="2021-11-06T19:34:44 IST">
          <reporter-output>
          </reporter-output>
        </test-method> <!-- tearDownClass -->
      </class> <!-- com.mindtree.Runner.TestRunner -->
      <class name="com.mindtree.Runner.TestRunner2">
        <test-method status="PASS" signature="setUpClass(org.testng.ITestContext)[pri:0, instance:com.mindtree.Runner.TestRunner2@57855c9a]" name="setUpClass" is-config="true" duration-ms="16" started-at="2021-11-06T19:34:44 IST" finished-at="2021-11-06T19:34:44 IST">
          <params>
            <param index="0">
              <value>
                <![CDATA[org.testng.TestRunner@41c89d2f]]>
              </value>
            </param>
          </params>
          <reporter-output>
          </reporter-output>
        </test-method> <!-- setUpClass -->
        <test-method status="PASS" signature="runScenario(io.cucumber.testng.PickleWrapper,io.cucumber.testng.FeatureWrapper)[pri:0, instance:com.mindtree.Runner.TestRunner2@57855c9a]" name="runScenario" duration-ms="15467" started-at="2021-11-06T19:34:44 IST" description="Runs Cucumber Scenarios" data-provider="scenarios" finished-at="2021-11-06T19:35:00 IST">
          <params>
            <param index="0">
              <value>
                <![CDATA["Home Page Search"]]>
              </value>
            </param>
            <param index="1">
              <value>
                <![CDATA["Optional[Search in wikipedia and validate title]"]]>
              </value>
            </param>
          </params>
          <reporter-output>
          </reporter-output>
        </test-method> <!-- runScenario -->
        <test-method status="PASS" signature="runScenario(io.cucumber.testng.PickleWrapper,io.cucumber.testng.FeatureWrapper)[pri:0, instance:com.mindtree.Runner.TestRunner2@57855c9a]" name="runScenario" duration-ms="14276" started-at="2021-11-06T19:35:00 IST" description="Runs Cucumber Scenarios" data-provider="scenarios" finished-at="2021-11-06T19:35:14 IST">
          <params>
            <param index="0">
              <value>
                <![CDATA["Home Page Search"]]>
              </value>
            </param>
            <param index="1">
              <value>
                <![CDATA["Optional[Search in wikipedia and validate title]"]]>
              </value>
            </param>
          </params>
          <reporter-output>
          </reporter-output>
        </test-method> <!-- runScenario -->
        <test-method status="PASS" signature="tearDownClass()[pri:0, instance:com.mindtree.Runner.TestRunner2@57855c9a]" name="tearDownClass" is-config="true" duration-ms="2" started-at="2021-11-06T19:35:14 IST" finished-at="2021-11-06T19:35:14 IST">
          <reporter-output>
          </reporter-output>
        </test-method> <!-- tearDownClass -->
      </class> <!-- com.mindtree.Runner.TestRunner2 -->
    </test> <!-- Command line test -->
  </suite> <!-- Command line suite -->
</testng-results>
