<?xml version="1.0" encoding="UTF-8"?>
<testng-results ignored="0" total="3" passed="3" failed="0" skipped="0">
  <reporter-output>
  </reporter-output>
  <suite started-at="2021-11-06T19:45:37 IST" name="Suite" finished-at="2021-11-06T19:46:16 IST" duration-ms="38537">
    <groups>
      <group name="cucumber">
        <method signature="AbstractTestNGCucumberTests.runScenario(io.cucumber.testng.PickleWrapper,io.cucumber.testng.FeatureWrapper)[pri:0, instance:com.mindtree.Runner.TestRunner@6973b51b]" name="runScenario" class="io.cucumber.testng.AbstractTestNGCucumberTests"/>
        <method signature="AbstractTestNGCucumberTests.runScenario(io.cucumber.testng.PickleWrapper,io.cucumber.testng.FeatureWrapper)[pri:0, instance:com.mindtree.Runner.TestRunner2@37afeb11]" name="runScenario" class="io.cucumber.testng.AbstractTestNGCucumberTests"/>
      </group> <!-- cucumber -->
    </groups>
    <test started-at="2021-11-06T19:45:37 IST" name="Validating home page cucumber" finished-at="2021-11-06T19:45:48 IST" duration-ms="10841">
      <class name="com.mindtree.Runner.TestRunner">
        <test-method is-config="true" signature="setUpClass(org.testng.ITestContext)[pri:0, instance:com.mindtree.Runner.TestRunner@6973b51b]" started-at="2021-11-06T19:45:37 IST" name="setUpClass" finished-at="2021-11-06T19:45:38 IST" duration-ms="222" status="PASS">
          <params>
            <param index="0">
              <value>
                <![CDATA[org.testng.TestRunner@21c815e4]]>
              </value>
            </param>
          </params>
          <reporter-output>
          </reporter-output>
        </test-method> <!-- setUpClass -->
        <test-method signature="runScenario(io.cucumber.testng.PickleWrapper,io.cucumber.testng.FeatureWrapper)[pri:0, instance:com.mindtree.Runner.TestRunner@6973b51b]" started-at="2021-11-06T19:45:38 IST" name="runScenario" description="Runs Cucumber Scenarios" data-provider="scenarios" finished-at="2021-11-06T19:45:48 IST" duration-ms="10559" status="PASS">
          <params>
            <param index="0">
              <value>
                <![CDATA["Home Page Search"]]>
              </value>
            </param>
            <param index="1">
              <value>
                <![CDATA["Optional[Search in wikipedia]"]]>
              </value>
            </param>
          </params>
          <reporter-output>
          </reporter-output>
        </test-method> <!-- runScenario -->
        <test-method is-config="true" signature="tearDownClass()[pri:0, instance:com.mindtree.Runner.TestRunner@6973b51b]" started-at="2021-11-06T19:45:48 IST" name="tearDownClass" finished-at="2021-11-06T19:45:48 IST" duration-ms="18" status="PASS">
          <reporter-output>
          </reporter-output>
        </test-method> <!-- tearDownClass -->
      </class> <!-- com.mindtree.Runner.TestRunner -->
    </test> <!-- Validating home page cucumber -->
    <test started-at="2021-11-06T19:45:48 IST" name="Validating coutry title cucumber" finished-at="2021-11-06T19:46:16 IST" duration-ms="27654">
      <class name="com.mindtree.Runner.TestRunner2">
        <test-method is-config="true" signature="setUpClass(org.testng.ITestContext)[pri:0, instance:com.mindtree.Runner.TestRunner2@37afeb11]" started-at="2021-11-06T19:45:48 IST" name="setUpClass" finished-at="2021-11-06T19:45:48 IST" duration-ms="25" status="PASS">
          <params>
            <param index="0">
              <value>
                <![CDATA[org.testng.TestRunner@15383681]]>
              </value>
            </param>
          </params>
          <reporter-output>
          </reporter-output>
        </test-method> <!-- setUpClass -->
        <test-method signature="runScenario(io.cucumber.testng.PickleWrapper,io.cucumber.testng.FeatureWrapper)[pri:0, instance:com.mindtree.Runner.TestRunner2@37afeb11]" started-at="2021-11-06T19:45:48 IST" name="runScenario" description="Runs Cucumber Scenarios" data-provider="scenarios" finished-at="2021-11-06T19:46:02 IST" duration-ms="13790" status="PASS">
          <params>
            <param index="0">
              <value>
                <![CDATA["Home Page Search"]]>
              </value>
            </param>
            <param index="1">
              <value>
                <![CDATA["Optional[Search in wikipedia and validate title]"]]>
              </value>
            </param>
          </params>
          <reporter-output>
          </reporter-output>
        </test-method> <!-- runScenario -->
        <test-method signature="runScenario(io.cucumber.testng.PickleWrapper,io.cucumber.testng.FeatureWrapper)[pri:0, instance:com.mindtree.Runner.TestRunner2@37afeb11]" started-at="2021-11-06T19:46:02 IST" name="runScenario" description="Runs Cucumber Scenarios" data-provider="scenarios" finished-at="2021-11-06T19:46:16 IST" duration-ms="13828" status="PASS">
          <params>
            <param index="0">
              <value>
                <![CDATA["Home Page Search"]]>
              </value>
            </param>
            <param index="1">
              <value>
                <![CDATA["Optional[Search in wikipedia and validate title]"]]>
              </value>
            </param>
          </params>
          <reporter-output>
          </reporter-output>
        </test-method> <!-- runScenario -->
        <test-method is-config="true" signature="tearDownClass()[pri:0, instance:com.mindtree.Runner.TestRunner2@37afeb11]" started-at="2021-11-06T19:46:16 IST" name="tearDownClass" finished-at="2021-11-06T19:46:16 IST" duration-ms="2" status="PASS">
          <reporter-output>
          </reporter-output>
        </test-method> <!-- tearDownClass -->
      </class> <!-- com.mindtree.Runner.TestRunner2 -->
    </test> <!-- Validating coutry title cucumber -->
  </suite> <!-- Suite -->
</testng-results>
